<?xml version="1.0" encoding="UTF-8"?>
<testng-results ignored="0" total="1" passed="1" failed="0" skipped="0">
  <reporter-output>
  </reporter-output>
  <suite started-at="2024-04-28T20:10:06 BDT" name="Default suite" finished-at="2024-04-28T20:11:02 BDT" duration-ms="55377">
    <groups>
    </groups>
    <test started-at="2024-04-28T20:10:06 BDT" name="Default test" finished-at="2024-04-28T20:11:02 BDT" duration-ms="55377">
      <class name="group.Automation_Web01.Class6_Iframe">
        <test-method is-config="true" signature="start()[pri:0, instance:group.Automation_Web01.Class6_Iframe@5158b42f]" started-at="2024-04-28T20:10:04 BDT" name="start" finished-at="2024-04-28T20:10:06 BDT" duration-ms="2380" status="PASS">
          <reporter-output>
          </reporter-output>
        </test-method> <!-- start -->
        <test-method signature="test()[pri:0, instance:group.Automation_Web01.Class6_Iframe@5158b42f]" started-at="2024-04-28T20:10:06 BDT" name="test" finished-at="2024-04-28T20:11:02 BDT" duration-ms="55353" status="PASS">
          <reporter-output>
          </reporter-output>
        </test-method> <!-- test -->
        <test-method is-config="true" signature="close()[pri:0, instance:group.Automation_Web01.Class6_Iframe@5158b42f]" started-at="2024-04-28T20:11:02 BDT" name="close" finished-at="2024-04-28T20:11:02 BDT" duration-ms="110" status="PASS">
          <reporter-output>
          </reporter-output>
        </test-method> <!-- close -->
      </class> <!-- group.Automation_Web01.Class6_Iframe -->
    </test> <!-- Default test -->
  </suite> <!-- Default suite -->
</testng-results>
